app/build/outputs/logs/manifest-merger-debug-report.txt
-- Merging decision tree log ---
manifest
ADDED from src\main\AndroidManifest.xml:1:1-126:12
	package
		ADDED from src\main\AndroidManifest.xml:2:5-41
		INJECTED from src\main\AndroidManifest.xml
		INJECTED from src\main\AndroidManifest.xml
	android:versionName
		ADDED from src\main\AndroidManifest.xml:4:5-39
		INJECTED from src\main\AndroidManifest.xml
		INJECTED from src\main\AndroidManifest.xml
	android:versionCode
		ADDED from src\main\AndroidManifest.xml:3:5-29
		INJECTED from src\main\AndroidManifest.xml
		INJECTED from src\main\AndroidManifest.xml
	xmlns:android
		ADDED from src\main\AndroidManifest.xml:1:11-69
uses-sdk
ADDED from src\main\AndroidManifest.xml:6:5-8:41
MERGED from [com.android.support:support-v4:23.3.0] AndroidManifest.xml:20:5-43
	android:targetSdkVersion
		ADDED from src\main\AndroidManifest.xml:8:9-38
		INJECTED from src\main\AndroidManifest.xml
		INJECTED from src\main\AndroidManifest.xml
	android:minSdkVersion
		ADDED from src\main\AndroidManifest.xml:7:9-35
		INJECTED from src\main\AndroidManifest.xml
		INJECTED from src\main\AndroidManifest.xml
uses-permission#android.permission.ACCESS_NETWORK_STATE
ADDED from src\main\AndroidManifest.xml:9:2-75
	android:name
		ADDED from src\main\AndroidManifest.xml:9:19-73
uses-permission#android.permission.ACCESS_FINE_LOCATION
ADDED from src\main\AndroidManifest.xml:10:5-78
	android:name
		ADDED from src\main\AndroidManifest.xml:10:22-76
uses-permission#android.permission.ACCESS_COARSE_LOCATION
ADDED from src\main\AndroidManifest.xml:11:2-77
	android:name
		ADDED from src\main\AndroidManifest.xml:11:19-75
uses-permission#android.permission.INTERNET
ADDED from src\main\AndroidManifest.xml:12:2-63
	android:name
		ADDED from src\main\AndroidManifest.xml:12:19-61
uses-permission#android.permission.VIBRATE
ADDED from src\main\AndroidManifest.xml:13:5-65
	android:name
		ADDED from src\main\AndroidManifest.xml:13:22-63
uses-permission#android.permission.CAMERA
ADDED from src\main\AndroidManifest.xml:14:2-62
	android:name
		ADDED from src\main\AndroidManifest.xml:14:19-59
uses-permission#android.permission.WRITE_EXTERNAL_STORAGE
ADDED from src\main\AndroidManifest.xml:15:2-78
	android:name
		ADDED from src\main\AndroidManifest.xml:15:19-75
uses-permission#android.permission.KILL_BACKGROUND_PROCESSES
ADDED from src\main\AndroidManifest.xml:16:2-80
	android:name
		ADDED from src\main\AndroidManifest.xml:16:19-78
uses-feature#android.hardware.camera
ADDED from src\main\AndroidManifest.xml:17:2-56
	android:name
		ADDED from src\main\AndroidManifest.xml:17:16-54
application
ADDED from src\main\AndroidManifest.xml:19:5-124:19
MERGED from [com.android.support:support-v4:23.3.0] AndroidManifest.xml:22:5-20
	android:label
		ADDED from src\main\AndroidManifest.xml:21:9-41
	android:icon
		ADDED from src\main\AndroidManifest.xml:20:9-45
	android:theme
		ADDED from src\main\AndroidManifest.xml:22:9-40
activity#com.legoist.Smart_Reminder.MainActivity
ADDED from src\main\AndroidManifest.xml:23:9-36:20
	android:screenOrientation
		ADDED from src\main\AndroidManifest.xml:29:13-49
	android:label
		ADDED from src\main\AndroidManifest.xml:27:13-45
	android:launchMode
		ADDED from src\main\AndroidManifest.xml:28:13-44
	android:windowSoftInputMode
		ADDED from src\main\AndroidManifest.xml:31:13-52
	android:icon
		ADDED from src\main\AndroidManifest.xml:26:13-49
	android:description
		ADDED from src\main\AndroidManifest.xml:25:13-56
	android:theme
		ADDED from src\main\AndroidManifest.xml:30:13-44
	android:name
		ADDED from src\main\AndroidManifest.xml:24:13-40
intent-filter#android.intent.action.MAIN+android.intent.category.LAUNCHER
ADDED from src\main\AndroidManifest.xml:32:13-35:29
action#android.intent.action.MAIN
ADDED from src\main\AndroidManifest.xml:33:17-69
	android:name
		ADDED from src\main\AndroidManifest.xml:33:25-66
category#android.intent.category.LAUNCHER
ADDED from src\main\AndroidManifest.xml:34:17-77
	android:name
		ADDED from src\main\AndroidManifest.xml:34:27-74
activity#com.legoist.Smart_Reminder.EnrollItem.enrollActivity
ADDED from src\main\AndroidManifest.xml:37:9-42:20
	android:screenOrientation
		ADDED from src\main\AndroidManifest.xml:40:13-49
	android:launchMode
		ADDED from src\main\AndroidManifest.xml:39:13-44
	android:theme
		ADDED from src\main\AndroidManifest.xml:41:13-60
	android:name
		ADDED from src\main\AndroidManifest.xml:38:13-54
activity#com.legoist.Smart_Reminder.listActivity
ADDED from src\main\AndroidManifest.xml:43:9-48:20
	android:screenOrientation
		ADDED from src\main\AndroidManifest.xml:46:13-49
	android:launchMode
		ADDED from src\main\AndroidManifest.xml:45:13-44
	android:theme
		ADDED from src\main\AndroidManifest.xml:47:13-60
	android:name
		ADDED from src\main\AndroidManifest.xml:44:13-40
activity#com.legoist.Smart_Reminder.setting.settingActivity
ADDED from src\main\AndroidManifest.xml:49:9-54:20
	android:screenOrientation
		ADDED from src\main\AndroidManifest.xml:52:13-49
	android:launchMode
		ADDED from src\main\AndroidManifest.xml:51:13-44
	android:theme
		ADDED from src\main\AndroidManifest.xml:53:13-60
	android:name
		ADDED from src\main\AndroidManifest.xml:50:13-52
activity#com.legoist.Smart_Reminder.ViewItem.itemviewActivity
ADDED from src\main\AndroidManifest.xml:55:9-60:20
	android:screenOrientation
		ADDED from src\main\AndroidManifest.xml:58:13-49
	android:launchMode
		ADDED from src\main\AndroidManifest.xml:57:13-44
	android:theme
		ADDED from src\main\AndroidManifest.xml:59:13-56
	android:name
		ADDED from src\main\AndroidManifest.xml:56:13-54
activity#com.legoist.Smart_Reminder.ViewItem.itemviewActivity2
ADDED from src\main\AndroidManifest.xml:61:9-66:20
	android:screenOrientation
		ADDED from src\main\AndroidManifest.xml:64:13-49
	android:launchMode
		ADDED from src\main\AndroidManifest.xml:63:13-44
	android:theme
		ADDED from src\main\AndroidManifest.xml:65:13-56
	android:name
		ADDED from src\main\AndroidManifest.xml:62:13-57
activity#com.legoist.Smart_Reminder.EnrollItem.itemupdateActivity
ADDED from src\main\AndroidManifest.xml:67:9-71:20
	android:screenOrientation
		ADDED from src\main\AndroidManifest.xml:69:13-49
	android:launchMode
		ADDED from src\main\AndroidManifest.xml:70:57-88
	android:theme
		ADDED from src\main\AndroidManifest.xml:70:13-56
	android:name
		ADDED from src\main\AndroidManifest.xml:68:13-60
activity#com.legoist.Smart_Reminder.notiActivity
ADDED from src\main\AndroidManifest.xml:72:9-78:20
	android:screenOrientation
		ADDED from src\main\AndroidManifest.xml:75:13-49
	android:launchMode
		ADDED from src\main\AndroidManifest.xml:74:13-44
	android:windowSoftInputMode
		ADDED from src\main\AndroidManifest.xml:77:12-51
	android:theme
		ADDED from src\main\AndroidManifest.xml:76:12-43
	android:name
		ADDED from src\main\AndroidManifest.xml:73:13-40
uses-library#com.google.android.maps
ADDED from src\main\AndroidManifest.xml:79:9-63
	android:name
		ADDED from src\main\AndroidManifest.xml:79:23-61
activity#com.google.ads.AdActivity
ADDED from src\main\AndroidManifest.xml:80:9-82:124
	android:configChanges
		ADDED from src\main\AndroidManifest.xml:82:13-122
	android:name
		ADDED from src\main\AndroidManifest.xml:81:13-53
activity#com.legoist.Smart_Reminder.splashActivity
ADDED from src\main\AndroidManifest.xml:83:9-88:20
	android:screenOrientation
		ADDED from src\main\AndroidManifest.xml:86:13-49
	android:launchMode
		ADDED from src\main\AndroidManifest.xml:87:61-92
	android:configChanges
		ADDED from src\main\AndroidManifest.xml:85:13-63
	android:theme
		ADDED from src\main\AndroidManifest.xml:87:13-60
	android:name
		ADDED from src\main\AndroidManifest.xml:84:13-42
activity#com.legoist.Smart_Reminder.setting.devinfoActivity
ADDED from src\main\AndroidManifest.xml:89:9-94:20
	android:screenOrientation
		ADDED from src\main\AndroidManifest.xml:92:13-49
	android:launchMode
		ADDED from src\main\AndroidManifest.xml:91:13-44
	android:theme
		ADDED from src\main\AndroidManifest.xml:93:13-56
	android:name
		ADDED from src\main\AndroidManifest.xml:90:13-53
activity#com.legoist.Smart_Reminder.setting.patchnoteActivity
ADDED from src\main\AndroidManifest.xml:95:9-100:20
	android:screenOrientation
		ADDED from src\main\AndroidManifest.xml:98:13-49
	android:launchMode
		ADDED from src\main\AndroidManifest.xml:97:13-44
	android:theme
		ADDED from src\main\AndroidManifest.xml:99:13-56
	android:name
		ADDED from src\main\AndroidManifest.xml:96:11-54
activity#com.legoist.Smart_Reminder.Service.notidialogActivity
ADDED from src\main\AndroidManifest.xml:101:9-105:20
	android:screenOrientation
		ADDED from src\main\AndroidManifest.xml:104:13-49
	android:launchMode
		ADDED from src\main\AndroidManifest.xml:103:13-44
	android:theme
		ADDED from src\main\AndroidManifest.xml:102:13-56
	android:name
		ADDED from src\main\AndroidManifest.xml:101:19-61
receiver#com.legoist.Smart_Reminder.Service.AlarmReceiver
ADDED from src\main\AndroidManifest.xml:106:9-68
	android:name
		ADDED from src\main\AndroidManifest.xml:106:19-56
receiver#com.legoist.Smart_Reminder.Service.Widget
ADDED from src\main\AndroidManifest.xml:107:9-115:21
	android:label
		ADDED from src\main\AndroidManifest.xml:108:13-45
	android:name
		ADDED from src\main\AndroidManifest.xml:107:19-49
intent-filter#android.appwidget.action.APPWIDGET_UPDATE
ADDED from src\main\AndroidManifest.xml:109:13-111:29
action#android.appwidget.action.APPWIDGET_UPDATE
ADDED from src\main\AndroidManifest.xml:110:17-84
	android:name
		ADDED from src\main\AndroidManifest.xml:110:25-81
meta-data#android.appwidget.provider
ADDED from src\main\AndroidManifest.xml:112:13-114:58
	android:resource
		ADDED from src\main\AndroidManifest.xml:114:17-56
	android:name
		ADDED from src\main\AndroidManifest.xml:113:17-58
service#com.legoist.Smart_Reminder.Service.timeService
ADDED from src\main\AndroidManifest.xml:116:9-64
	android:name
		ADDED from src\main\AndroidManifest.xml:116:18-53
activity#com.legoist.Smart_Reminder.setting.helpActivity
ADDED from src\main\AndroidManifest.xml:117:9-121:20
	android:screenOrientation
		ADDED from src\main\AndroidManifest.xml:120:13-49
	android:launchMode
		ADDED from src\main\AndroidManifest.xml:118:13-44
	android:theme
		ADDED from src\main\AndroidManifest.xml:119:13-44
	android:name
		ADDED from src\main\AndroidManifest.xml:117:19-55
service#com.legoist.Smart_Reminder.Service.mapService
ADDED from src\main\AndroidManifest.xml:122:9-63
	android:name
		ADDED from src\main\AndroidManifest.xml:122:18-52
activity#com.legoist.Smart_Reminder.Service.notidialogActivity_map
ADDED from src\main\AndroidManifest.xml:123:9-190
	android:screenOrientation
		ADDED from src\main\AndroidManifest.xml:123:63-99
	android:launchMode
		ADDED from src\main\AndroidManifest.xml:123:100-131
	android:theme
		ADDED from src\main\AndroidManifest.xml:123:19-62
	android:name
		ADDED from src\main\AndroidManifest.xml:123:132-178